<?xml version="1.0" encoding="UTF-8"?>
<coverage generated="1607050913674" clover="3.2.0">
  <project timestamp="1607050913675" name="All files">
    <metrics statements="128" coveredstatements="110" conditionals="65" coveredconditionals="52" methods="22" coveredmethods="21" elements="215" coveredelements="183" complexity="0" loc="128" ncloc="128" packages="1" files="1" classes="1"/>
    <file name="index.ts" path="/Users/ryan/Documents/coding/graphql-mocks/src/index.ts">
      <metrics statements="128" coveredstatements="110" conditionals="65" coveredconditionals="52" methods="22" coveredmethods="21"/>
      <line num="32" count="1" type="stmt"/>
      <line num="40" count="1" type="stmt"/>
      <line num="41" count="16" type="stmt"/>
      <line num="46" count="16" type="stmt"/>
      <line num="48" count="16" type="stmt"/>
      <line num="49" count="16" type="stmt"/>
      <line num="51" count="16" type="stmt"/>
      <line num="52" count="18" type="stmt"/>
      <line num="53" count="18" type="cond" truecount="1" falsecount="1"/>
      <line num="54" count="18" type="stmt"/>
      <line num="55" count="18" type="cond" truecount="1" falsecount="1"/>
      <line num="59" count="18" type="stmt"/>
      <line num="65" count="18" type="cond" truecount="2" falsecount="0"/>
      <line num="66" count="18" type="stmt"/>
      <line num="73" count="16" type="stmt"/>
      <line num="74" count="16" type="cond" truecount="1" falsecount="1"/>
      <line num="75" count="0" type="stmt"/>
      <line num="78" count="16" type="stmt"/>
      <line num="108" count="18" type="stmt"/>
      <line num="109" count="18" type="stmt"/>
      <line num="110" count="18" type="cond" truecount="1" falsecount="1"/>
      <line num="112" count="18" type="cond" truecount="2" falsecount="0"/>
      <line num="113" count="2" type="stmt"/>
      <line num="114" count="16" type="cond" truecount="1" falsecount="1"/>
      <line num="115" count="16" type="stmt"/>
      <line num="117" count="18" type="stmt"/>
      <line num="119" count="0" type="stmt"/>
      <line num="123" count="18" type="stmt"/>
      <line num="138" count="18" type="stmt"/>
      <line num="139" count="18" type="stmt"/>
      <line num="140" count="18" type="stmt"/>
      <line num="147" count="18" type="stmt"/>
      <line num="148" count="18" type="stmt"/>
      <line num="149" count="18" type="stmt"/>
      <line num="157" count="38" type="stmt"/>
      <line num="165" count="38" type="stmt"/>
      <line num="167" count="38" type="stmt"/>
      <line num="168" count="48" type="stmt"/>
      <line num="171" count="48" type="cond" truecount="2" falsecount="0"/>
      <line num="172" count="46" type="stmt"/>
      <line num="176" count="38" type="stmt"/>
      <line num="184" count="48" type="stmt"/>
      <line num="185" count="48" type="stmt"/>
      <line num="186" count="48" type="cond" truecount="2" falsecount="0"/>
      <line num="188" count="48" type="cond" truecount="2" falsecount="0"/>
      <line num="189" count="2" type="stmt"/>
      <line num="192" count="46" type="stmt"/>
      <line num="193" count="46" type="cond" truecount="2" falsecount="0"/>
      <line num="194" count="2" type="stmt"/>
      <line num="198" count="44" type="stmt"/>
      <line num="200" count="44" type="stmt"/>
      <line num="202" count="44" type="cond" truecount="2" falsecount="0"/>
      <line num="203" count="2" type="stmt"/>
      <line num="211" count="42" type="stmt"/>
      <line num="228" count="3" type="stmt"/>
      <line num="229" count="93" type="stmt"/>
      <line num="230" count="93" type="cond" truecount="2" falsecount="0"/>
      <line num="231" count="93" type="stmt"/>
      <line num="235" count="44" type="stmt"/>
      <line num="236" count="8" type="stmt"/>
      <line num="237" count="4" type="stmt"/>
      <line num="238" count="2" type="stmt"/>
      <line num="239" count="1" type="stmt"/>
      <line num="240" count="3" type="stmt"/>
      <line num="243" count="44" type="cond" truecount="1" falsecount="1"/>
      <line num="244" count="0" type="stmt"/>
      <line num="247" count="44" type="cond" truecount="2" falsecount="0"/>
      <line num="248" count="23" type="stmt"/>
      <line num="249" count="23" type="cond" truecount="2" falsecount="0"/>
      <line num="250" count="4" type="cond" truecount="2" falsecount="0"/>
      <line num="251" count="1" type="stmt"/>
      <line num="253" count="3" type="stmt"/>
      <line num="254" count="19" type="cond" truecount="2" falsecount="0"/>
      <line num="255" count="18" type="stmt"/>
      <line num="257" count="1" type="stmt"/>
      <line num="260" count="21" type="cond" truecount="2" falsecount="0"/>
      <line num="261" count="18" type="stmt"/>
      <line num="264" count="3" type="cond" truecount="2" falsecount="0"/>
      <line num="265" count="1" type="stmt"/>
      <line num="266" count="1" type="stmt"/>
      <line num="269" count="2" type="cond" truecount="2" falsecount="0"/>
      <line num="270" count="1" type="stmt"/>
      <line num="271" count="1" type="stmt"/>
      <line num="278" count="1" type="cond" truecount="1" falsecount="1"/>
      <line num="279" count="1" type="stmt"/>
      <line num="280" count="1" type="stmt"/>
      <line num="284" count="0" type="stmt"/>
      <line num="294" count="41" type="stmt"/>
      <line num="295" count="51" type="cond" truecount="2" falsecount="1"/>
      <line num="297" count="48" type="cond" truecount="2" falsecount="0"/>
      <line num="298" count="48" type="cond" truecount="1" falsecount="1"/>
      <line num="299" count="48" type="stmt"/>
      <line num="301" count="48" type="stmt"/>
      <line num="302" count="48" type="stmt"/>
      <line num="305" count="0" type="stmt"/>
      <line num="306" count="0" type="cond" truecount="0" falsecount="2"/>
      <line num="307" count="0" type="stmt"/>
      <line num="309" count="0" type="stmt"/>
      <line num="310" count="0" type="stmt"/>
      <line num="311" count="0" type="cond" truecount="0" falsecount="2"/>
      <line num="312" count="0" type="stmt"/>
      <line num="314" count="0" type="stmt"/>
      <line num="321" count="0" type="stmt"/>
      <line num="324" count="3" type="stmt"/>
      <line num="334" count="41" type="stmt"/>
      <line num="341" count="1" type="stmt"/>
      <line num="342" count="23" type="cond" truecount="2" falsecount="0"/>
      <line num="343" count="12" type="stmt"/>
      <line num="344" count="12" type="cond" truecount="2" falsecount="0"/>
      <line num="345" count="2" type="stmt"/>
      <line num="348" count="23" type="stmt"/>
      <line num="353" count="17" type="stmt"/>
      <line num="357" count="1" type="stmt"/>
      <line num="362" count="16" type="stmt"/>
      <line num="364" count="16" type="stmt"/>
      <line num="365" count="18" type="stmt"/>
      <line num="367" count="18" type="cond" truecount="2" falsecount="0"/>
      <line num="368" count="1" type="stmt"/>
      <line num="371" count="18" type="cond" truecount="2" falsecount="0"/>
      <line num="373" count="18" type="cond" truecount="2" falsecount="0"/>
      <line num="374" count="18" type="stmt"/>
      <line num="376" count="18" type="stmt"/>
      <line num="378" count="18" type="stmt"/>
      <line num="387" count="0" type="stmt"/>
      <line num="388" count="0" type="stmt"/>
      <line num="389" count="0" type="stmt"/>
      <line num="390" count="0" type="stmt"/>
      <line num="391" count="0" type="stmt"/>
    </file>
  </project>
</coverage>
