<?xml version="1.0" encoding="UTF-8"?>
<coverage generated="1607052900043" clover="3.2.0">
  <project timestamp="1607052900043" name="All files">
    <metrics statements="125" coveredstatements="122" conditionals="63" coveredconditionals="58" methods="22" coveredmethods="22" elements="210" coveredelements="202" complexity="0" loc="125" ncloc="125" packages="1" files="1" classes="1"/>
    <file name="index.ts" path="/Users/ryan/Documents/coding/graphql-mocks/src/index.ts">
      <metrics statements="125" coveredstatements="122" conditionals="63" coveredconditionals="58" methods="22" coveredmethods="22"/>
      <line num="32" count="1" type="stmt"/>
      <line num="40" count="1" type="stmt"/>
      <line num="41" count="22" type="stmt"/>
      <line num="46" count="22" type="stmt"/>
      <line num="48" count="22" type="stmt"/>
      <line num="49" count="22" type="stmt"/>
      <line num="51" count="22" type="stmt"/>
      <line num="52" count="24" type="stmt"/>
      <line num="53" count="27" type="cond" truecount="2" falsecount="0"/>
      <line num="54" count="24" type="stmt"/>
      <line num="55" count="24" type="cond" truecount="2" falsecount="0"/>
      <line num="59" count="24" type="stmt"/>
      <line num="65" count="24" type="cond" truecount="2" falsecount="0"/>
      <line num="66" count="24" type="stmt"/>
      <line num="73" count="22" type="stmt"/>
      <line num="74" count="22" type="cond" truecount="2" falsecount="0"/>
      <line num="75" count="2" type="stmt"/>
      <line num="78" count="22" type="stmt"/>
      <line num="104" count="24" type="stmt"/>
      <line num="105" count="24" type="stmt"/>
      <line num="106" count="27" type="cond" truecount="2" falsecount="0"/>
      <line num="108" count="24" type="cond" truecount="2" falsecount="0"/>
      <line num="109" count="2" type="stmt"/>
      <line num="110" count="22" type="cond" truecount="1" falsecount="1"/>
      <line num="111" count="22" type="stmt"/>
      <line num="113" count="24" type="stmt"/>
      <line num="115" count="3" type="stmt"/>
      <line num="119" count="24" type="stmt"/>
      <line num="134" count="24" type="stmt"/>
      <line num="135" count="24" type="stmt"/>
      <line num="136" count="24" type="stmt"/>
      <line num="143" count="24" type="stmt"/>
      <line num="144" count="24" type="stmt"/>
      <line num="145" count="24" type="stmt"/>
      <line num="153" count="52" type="stmt"/>
      <line num="161" count="52" type="stmt"/>
      <line num="163" count="52" type="stmt"/>
      <line num="164" count="68" type="stmt"/>
      <line num="167" count="68" type="cond" truecount="2" falsecount="0"/>
      <line num="168" count="66" type="stmt"/>
      <line num="172" count="52" type="stmt"/>
      <line num="180" count="68" type="stmt"/>
      <line num="181" count="68" type="stmt"/>
      <line num="182" count="68" type="cond" truecount="2" falsecount="0"/>
      <line num="184" count="68" type="cond" truecount="2" falsecount="0"/>
      <line num="185" count="5" type="stmt"/>
      <line num="188" count="63" type="stmt"/>
      <line num="189" count="63" type="cond" truecount="2" falsecount="0"/>
      <line num="190" count="2" type="stmt"/>
      <line num="194" count="61" type="stmt"/>
      <line num="196" count="61" type="stmt"/>
      <line num="198" count="61" type="cond" truecount="2" falsecount="0"/>
      <line num="199" count="3" type="stmt"/>
      <line num="202" count="58" type="stmt"/>
      <line num="212" count="3" type="stmt"/>
      <line num="213" count="93" type="stmt"/>
      <line num="214" count="93" type="cond" truecount="2" falsecount="0"/>
      <line num="215" count="93" type="stmt"/>
      <line num="219" count="61" type="stmt"/>
      <line num="220" count="13" type="stmt"/>
      <line num="221" count="6" type="stmt"/>
      <line num="222" count="2" type="stmt"/>
      <line num="223" count="3" type="stmt"/>
      <line num="224" count="3" type="stmt"/>
      <line num="227" count="61" type="cond" truecount="2" falsecount="0"/>
      <line num="228" count="32" type="stmt"/>
      <line num="229" count="32" type="cond" truecount="2" falsecount="0"/>
      <line num="230" count="4" type="cond" truecount="2" falsecount="0"/>
      <line num="231" count="1" type="stmt"/>
      <line num="233" count="3" type="stmt"/>
      <line num="234" count="28" type="cond" truecount="2" falsecount="0"/>
      <line num="235" count="27" type="stmt"/>
      <line num="237" count="1" type="stmt"/>
      <line num="240" count="29" type="cond" truecount="2" falsecount="0"/>
      <line num="241" count="26" type="stmt"/>
      <line num="244" count="3" type="cond" truecount="2" falsecount="0"/>
      <line num="245" count="1" type="stmt"/>
      <line num="246" count="1" type="stmt"/>
      <line num="249" count="2" type="cond" truecount="2" falsecount="0"/>
      <line num="250" count="1" type="stmt"/>
      <line num="251" count="1" type="stmt"/>
      <line num="258" count="1" type="cond" truecount="1" falsecount="1"/>
      <line num="259" count="1" type="stmt"/>
      <line num="260" count="1" type="stmt"/>
      <line num="264" count="0" type="stmt"/>
      <line num="274" count="58" type="stmt"/>
      <line num="275" count="74" type="cond" truecount="3" falsecount="0"/>
      <line num="277" count="68" type="cond" truecount="2" falsecount="0"/>
      <line num="278" count="68" type="cond" truecount="1" falsecount="1"/>
      <line num="279" count="68" type="stmt"/>
      <line num="281" count="68" type="stmt"/>
      <line num="282" count="68" type="stmt"/>
      <line num="285" count="3" type="stmt"/>
      <line num="286" count="3" type="cond" truecount="1" falsecount="1"/>
      <line num="287" count="0" type="stmt"/>
      <line num="289" count="3" type="stmt"/>
      <line num="290" count="3" type="stmt"/>
      <line num="291" count="3" type="cond" truecount="1" falsecount="1"/>
      <line num="292" count="0" type="stmt"/>
      <line num="294" count="3" type="stmt"/>
      <line num="301" count="3" type="stmt"/>
      <line num="304" count="3" type="stmt"/>
      <line num="314" count="58" type="stmt"/>
      <line num="321" count="1" type="stmt"/>
      <line num="322" count="23" type="cond" truecount="2" falsecount="0"/>
      <line num="323" count="12" type="stmt"/>
      <line num="324" count="12" type="cond" truecount="2" falsecount="0"/>
      <line num="325" count="2" type="stmt"/>
      <line num="328" count="23" type="stmt"/>
      <line num="333" count="23" type="stmt"/>
      <line num="337" count="1" type="stmt"/>
      <line num="342" count="22" type="stmt"/>
      <line num="344" count="22" type="stmt"/>
      <line num="345" count="24" type="stmt"/>
      <line num="347" count="24" type="cond" truecount="2" falsecount="0"/>
      <line num="348" count="1" type="stmt"/>
      <line num="351" count="24" type="cond" truecount="2" falsecount="0"/>
      <line num="353" count="24" type="cond" truecount="2" falsecount="0"/>
      <line num="354" count="24" type="stmt"/>
      <line num="356" count="24" type="stmt"/>
      <line num="358" count="24" type="stmt"/>
      <line num="367" count="2" type="stmt"/>
      <line num="368" count="2" type="stmt"/>
      <line num="369" count="2" type="stmt"/>
      <line num="370" count="2" type="stmt"/>
    </file>
  </project>
</coverage>
