{"/Users/ryan/Documents/coding/graphql-mocks/src/index.ts": {"path":"/Users/ryan/Documents/coding/graphql-mocks/src/index.ts","statementMap":{"0":{"start":{"line":32,"column":41},"end":{"line":35,"column":1}},"1":{"start":{"line":40,"column":4},"end":{"line":82,"column":1}},"2":{"start":{"line":41,"column":23},"end":{"line":44,"column":3}},"3":{"start":{"line":46,"column":15},"end":{"line":46,"column":48}},"4":{"start":{"line":48,"column":20},"end":{"line":48,"column":52}},"5":{"start":{"line":49,"column":18},"end":{"line":49,"column":20}},"6":{"start":{"line":51,"column":2},"end":{"line":71,"column":3}},"7":{"start":{"line":52,"column":4},"end":{"line":70,"column":5}},"8":{"start":{"line":53,"column":6},"end":{"line":69,"column":7}},"9":{"start":{"line":54,"column":30},"end":{"line":54,"column":51}},"10":{"start":{"line":55,"column":30},"end":{"line":57,"column":14}},"11":{"start":{"line":59,"column":21},"end":{"line":64,"column":9}},"12":{"start":{"line":65,"column":28},"end":{"line":65,"column":65}},"13":{"start":{"line":66,"column":8},"end":{"line":68,"column":9}},"14":{"start":{"line":73,"column":18},"end":{"line":73,"column":20}},"15":{"start":{"line":74,"column":2},"end":{"line":76,"column":3}},"16":{"start":{"line":75,"column":4},"end":{"line":75,"column":61}},"17":{"start":{"line":78,"column":2},"end":{"line":81,"column":3}},"18":{"start":{"line":108,"column":33},"end":{"line":108,"column":52}},"19":{"start":{"line":109,"column":2},"end":{"line":121,"column":3}},"20":{"start":{"line":110,"column":4},"end":{"line":120,"column":5}},"21":{"start":{"line":112,"column":8},"end":{"line":116,"column":9}},"22":{"start":{"line":113,"column":10},"end":{"line":113,"column":32}},"23":{"start":{"line":114,"column":15},"end":{"line":116,"column":9}},"24":{"start":{"line":115,"column":10},"end":{"line":115,"column":32}},"25":{"start":{"line":117,"column":8},"end":{"line":117,"column":13}},"26":{"start":{"line":119,"column":8},"end":{"line":119,"column":53}},"27":{"start":{"line":123,"column":2},"end":{"line":129,"column":3}},"28":{"start":{"line":138,"column":18},"end":{"line":138,"column":80}},"29":{"start":{"line":139,"column":17},"end":{"line":139,"column":61}},"30":{"start":{"line":140,"column":2},"end":{"line":140,"column":15}},"31":{"start":{"line":147,"column":15},"end":{"line":147,"column":70}},"32":{"start":{"line":148,"column":14},"end":{"line":148,"column":72}},"33":{"start":{"line":149,"column":2},"end":{"line":149,"column":12}},"34":{"start":{"line":157,"column":17},"end":{"line":163,"column":3}},"35":{"start":{"line":165,"column":17},"end":{"line":165,"column":19}},"36":{"start":{"line":167,"column":2},"end":{"line":174,"column":3}},"37":{"start":{"line":168,"column":18},"end":{"line":168,"column":70}},"38":{"start":{"line":171,"column":4},"end":{"line":173,"column":5}},"39":{"start":{"line":172,"column":6},"end":{"line":172,"column":24}},"40":{"start":{"line":176,"column":2},"end":{"line":176,"column":35}},"41":{"start":{"line":184,"column":20},"end":{"line":184,"column":33}},"42":{"start":{"line":185,"column":20},"end":{"line":185,"column":40}},"43":{"start":{"line":186,"column":26},"end":{"line":186,"column":61}},"44":{"start":{"line":188,"column":2},"end":{"line":190,"column":3}},"45":{"start":{"line":189,"column":4},"end":{"line":189,"column":45}},"46":{"start":{"line":192,"column":19},"end":{"line":192,"column":52}},"47":{"start":{"line":193,"column":2},"end":{"line":195,"column":3}},"48":{"start":{"line":194,"column":4},"end":{"line":194,"column":13}},"49":{"start":{"line":198,"column":20},"end":{"line":198,"column":50}},"50":{"start":{"line":200,"column":15},"end":{"line":200,"column":42}},"51":{"start":{"line":202,"column":2},"end":{"line":209,"column":3}},"52":{"start":{"line":203,"column":4},"end":{"line":208,"column":8}},"53":{"start":{"line":211,"column":2},"end":{"line":216,"column":5}},"54":{"start":{"line":228,"column":4},"end":{"line":232,"column":6}},"55":{"start":{"line":229,"column":16},"end":{"line":229,"column":43}},"56":{"start":{"line":230,"column":16},"end":{"line":230,"column":46}},"57":{"start":{"line":231,"column":6},"end":{"line":231,"column":27}},"58":{"start":{"line":235,"column":24},"end":{"line":241,"column":3}},"59":{"start":{"line":236,"column":18},"end":{"line":236,"column":33}},"60":{"start":{"line":237,"column":15},"end":{"line":237,"column":55}},"61":{"start":{"line":238,"column":17},"end":{"line":238,"column":66}},"62":{"start":{"line":239,"column":19},"end":{"line":239,"column":41}},"63":{"start":{"line":240,"column":14},"end":{"line":240,"column":29}},"64":{"start":{"line":243,"column":2},"end":{"line":245,"column":3}},"65":{"start":{"line":244,"column":4},"end":{"line":244,"column":37}},"66":{"start":{"line":247,"column":2},"end":{"line":258,"column":3}},"67":{"start":{"line":248,"column":30},"end":{"line":248,"column":71}},"68":{"start":{"line":249,"column":4},"end":{"line":256,"column":5}},"69":{"start":{"line":250,"column":6},"end":{"line":252,"column":7}},"70":{"start":{"line":251,"column":8},"end":{"line":251,"column":39}},"71":{"start":{"line":253,"column":6},"end":{"line":253,"column":35}},"72":{"start":{"line":254,"column":11},"end":{"line":256,"column":5}},"73":{"start":{"line":255,"column":6},"end":{"line":255,"column":44}},"74":{"start":{"line":257,"column":4},"end":{"line":257,"column":27}},"75":{"start":{"line":260,"column":2},"end":{"line":262,"column":3}},"76":{"start":{"line":261,"column":4},"end":{"line":261,"column":69}},"77":{"start":{"line":264,"column":2},"end":{"line":267,"column":3}},"78":{"start":{"line":265,"column":18},"end":{"line":265,"column":62}},"79":{"start":{"line":266,"column":4},"end":{"line":266,"column":78}},"80":{"start":{"line":269,"column":2},"end":{"line":276,"column":3}},"81":{"start":{"line":270,"column":25},"end":{"line":270,"column":43}},"82":{"start":{"line":271,"column":4},"end":{"line":275,"column":7}},"83":{"start":{"line":278,"column":2},"end":{"line":281,"column":3}},"84":{"start":{"line":279,"column":18},"end":{"line":279,"column":43}},"85":{"start":{"line":280,"column":4},"end":{"line":280,"column":23}},"86":{"start":{"line":284,"column":2},"end":{"line":284,"column":11}},"87":{"start":{"line":294,"column":2},"end":{"line":333,"column":3}},"88":{"start":{"line":295,"column":4},"end":{"line":332,"column":5}},"89":{"start":{"line":297,"column":28},"end":{"line":297,"column":74}},"90":{"start":{"line":298,"column":8},"end":{"line":300,"column":9}},"91":{"start":{"line":299,"column":10},"end":{"line":299,"column":34}},"92":{"start":{"line":301,"column":8},"end":{"line":301,"column":43}},"93":{"start":{"line":302,"column":8},"end":{"line":302,"column":13}},"94":{"start":{"line":305,"column":29},"end":{"line":305,"column":49}},"95":{"start":{"line":306,"column":8},"end":{"line":308,"column":9}},"96":{"start":{"line":307,"column":10},"end":{"line":307,"column":18}},"97":{"start":{"line":309,"column":8},"end":{"line":309,"column":49}},"98":{"start":{"line":310,"column":25},"end":{"line":310,"column":56}},"99":{"start":{"line":311,"column":8},"end":{"line":313,"column":9}},"100":{"start":{"line":312,"column":10},"end":{"line":312,"column":18}},"101":{"start":{"line":314,"column":8},"end":{"line":320,"column":9}},"102":{"start":{"line":321,"column":8},"end":{"line":321,"column":13}},"103":{"start":{"line":324,"column":8},"end":{"line":330,"column":9}},"104":{"start":{"line":334,"column":2},"end":{"line":334,"column":15}},"105":{"start":{"line":341,"column":2},"end":{"line":349,"column":8}},"106":{"start":{"line":342,"column":4},"end":{"line":347,"column":5}},"107":{"start":{"line":343,"column":25},"end":{"line":343,"column":45}},"108":{"start":{"line":344,"column":6},"end":{"line":346,"column":7}},"109":{"start":{"line":345,"column":8},"end":{"line":345,"column":30}},"110":{"start":{"line":348,"column":4},"end":{"line":348,"column":22}},"111":{"start":{"line":353,"column":2},"end":{"line":353,"column":48}},"112":{"start":{"line":357,"column":2},"end":{"line":357,"column":48}},"113":{"start":{"line":362,"column":30},"end":{"line":362,"column":31}},"114":{"start":{"line":364,"column":2},"end":{"line":379,"column":3}},"115":{"start":{"line":365,"column":15},"end":{"line":365,"column":17}},"116":{"start":{"line":367,"column":4},"end":{"line":369,"column":5}},"117":{"start":{"line":368,"column":6},"end":{"line":368,"column":31}},"118":{"start":{"line":371,"column":22},"end":{"line":371,"column":67}},"119":{"start":{"line":373,"column":6},"end":{"line":373,"column":68}},"120":{"start":{"line":374,"column":4},"end":{"line":374,"column":31}},"121":{"start":{"line":376,"column":4},"end":{"line":376,"column":29}},"122":{"start":{"line":378,"column":4},"end":{"line":378,"column":15}},"123":{"start":{"line":387,"column":15},"end":{"line":387,"column":54}},"124":{"start":{"line":388,"column":18},"end":{"line":388,"column":73}},"125":{"start":{"line":389,"column":15},"end":{"line":389,"column":33}},"126":{"start":{"line":390,"column":2},"end":{"line":390,"column":19}},"127":{"start":{"line":391,"column":2},"end":{"line":391,"column":49}}},"fnMap":{"0":{"name":"(anonymous_0)","decl":{"start":{"line":40,"column":4},"end":{"line":40,"column":5}},"loc":{"start":{"line":40,"column":41},"end":{"line":82,"column":1}},"line":40},"1":{"name":"buildExecutionContext","decl":{"start":{"line":101,"column":9},"end":{"line":101,"column":30}},"loc":{"start":{"line":106,"column":20},"end":{"line":130,"column":1}},"line":106},"2":{"name":"execute","decl":{"start":{"line":132,"column":9},"end":{"line":132,"column":16}},"loc":{"start":{"line":137,"column":2},"end":{"line":141,"column":1}},"line":137},"3":{"name":"executeOperation","decl":{"start":{"line":143,"column":9},"end":{"line":143,"column":25}},"loc":{"start":{"line":146,"column":2},"end":{"line":150,"column":1}},"line":146},"4":{"name":"executeSelectionSet","decl":{"start":{"line":152,"column":9},"end":{"line":152,"column":28}},"loc":{"start":{"line":156,"column":2},"end":{"line":177,"column":1}},"line":156},"5":{"name":"resolveField","decl":{"start":{"line":179,"column":9},"end":{"line":179,"column":21}},"loc":{"start":{"line":183,"column":2},"end":{"line":217,"column":1}},"line":183},"6":{"name":"handleNamedType","decl":{"start":{"line":219,"column":9},"end":{"line":219,"column":24}},"loc":{"start":{"line":225,"column":2},"end":{"line":285,"column":1}},"line":225},"7":{"name":"uuidv4","decl":{"start":{"line":227,"column":11},"end":{"line":227,"column":17}},"loc":{"start":{"line":227,"column":20},"end":{"line":233,"column":3}},"line":227},"8":{"name":"(anonymous_8)","decl":{"start":{"line":228,"column":67},"end":{"line":228,"column":68}},"loc":{"start":{"line":228,"column":74},"end":{"line":232,"column":5}},"line":228},"9":{"name":"(anonymous_9)","decl":{"start":{"line":236,"column":12},"end":{"line":236,"column":13}},"loc":{"start":{"line":236,"column":18},"end":{"line":236,"column":33}},"line":236},"10":{"name":"(anonymous_10)","decl":{"start":{"line":237,"column":9},"end":{"line":237,"column":10}},"loc":{"start":{"line":237,"column":15},"end":{"line":237,"column":55}},"line":237},"11":{"name":"(anonymous_11)","decl":{"start":{"line":238,"column":11},"end":{"line":238,"column":12}},"loc":{"start":{"line":238,"column":17},"end":{"line":238,"column":66}},"line":238},"12":{"name":"(anonymous_12)","decl":{"start":{"line":239,"column":13},"end":{"line":239,"column":14}},"loc":{"start":{"line":239,"column":19},"end":{"line":239,"column":41}},"line":239},"13":{"name":"(anonymous_13)","decl":{"start":{"line":240,"column":8},"end":{"line":240,"column":9}},"loc":{"start":{"line":240,"column":14},"end":{"line":240,"column":29}},"line":240},"14":{"name":"collectFields","decl":{"start":{"line":287,"column":9},"end":{"line":287,"column":22}},"loc":{"start":{"line":293,"column":2},"end":{"line":335,"column":1}},"line":293},"15":{"name":"getImplementingObjects","decl":{"start":{"line":337,"column":9},"end":{"line":337,"column":31}},"loc":{"start":{"line":340,"column":2},"end":{"line":350,"column":1}},"line":340},"16":{"name":"(anonymous_16)","decl":{"start":{"line":341,"column":51},"end":{"line":341,"column":52}},"loc":{"start":{"line":341,"column":74},"end":{"line":349,"column":3}},"line":341},"17":{"name":"toPascalCase","decl":{"start":{"line":352,"column":9},"end":{"line":352,"column":21}},"loc":{"start":{"line":352,"column":37},"end":{"line":354,"column":1}},"line":352},"18":{"name":"capitalize","decl":{"start":{"line":356,"column":9},"end":{"line":356,"column":19}},"loc":{"start":{"line":356,"column":35},"end":{"line":358,"column":1}},"line":356},"19":{"name":"nameBuilderFactory","decl":{"start":{"line":361,"column":9},"end":{"line":361,"column":27}},"loc":{"start":{"line":361,"column":55},"end":{"line":380,"column":1}},"line":361},"20":{"name":"buildName","decl":{"start":{"line":364,"column":18},"end":{"line":364,"column":27}},"loc":{"start":{"line":364,"column":64},"end":{"line":379,"column":3}},"line":364},"21":{"name":"buildType","decl":{"start":{"line":382,"column":9},"end":{"line":382,"column":18}},"loc":{"start":{"line":386,"column":2},"end":{"line":393,"column":1}},"line":386}},"branchMap":{"0":{"loc":{"start":{"line":53,"column":6},"end":{"line":69,"column":7}},"type":"if","locations":[{"start":{"line":53,"column":6},"end":{"line":69,"column":7}},{"start":{"line":53,"column":6},"end":{"line":69,"column":7}}],"line":53},"1":{"loc":{"start":{"line":55,"column":30},"end":{"line":57,"column":14}},"type":"cond-expr","locations":[{"start":{"line":56,"column":12},"end":{"line":56,"column":55}},{"start":{"line":57,"column":12},"end":{"line":57,"column":14}}],"line":55},"2":{"loc":{"start":{"line":65,"column":28},"end":{"line":65,"column":65}},"type":"cond-expr","locations":[{"start":{"line":65,"column":52},"end":{"line":65,"column":54}},{"start":{"line":65,"column":57},"end":{"line":65,"column":65}}],"line":65},"3":{"loc":{"start":{"line":74,"column":2},"end":{"line":76,"column":3}},"type":"if","locations":[{"start":{"line":74,"column":2},"end":{"line":76,"column":3}},{"start":{"line":74,"column":2},"end":{"line":76,"column":3}}],"line":74},"4":{"loc":{"start":{"line":110,"column":4},"end":{"line":120,"column":5}},"type":"switch","locations":[{"start":{"line":111,"column":6},"end":{"line":117,"column":13}},{"start":{"line":118,"column":6},"end":{"line":119,"column":53}}],"line":110},"5":{"loc":{"start":{"line":112,"column":8},"end":{"line":116,"column":9}},"type":"if","locations":[{"start":{"line":112,"column":8},"end":{"line":116,"column":9}},{"start":{"line":112,"column":8},"end":{"line":116,"column":9}}],"line":112},"6":{"loc":{"start":{"line":114,"column":15},"end":{"line":116,"column":9}},"type":"if","locations":[{"start":{"line":114,"column":15},"end":{"line":116,"column":9}},{"start":{"line":114,"column":15},"end":{"line":116,"column":9}}],"line":114},"7":{"loc":{"start":{"line":171,"column":4},"end":{"line":173,"column":5}},"type":"if","locations":[{"start":{"line":171,"column":4},"end":{"line":173,"column":5}},{"start":{"line":171,"column":4},"end":{"line":173,"column":5}}],"line":171},"8":{"loc":{"start":{"line":186,"column":26},"end":{"line":186,"column":61}},"type":"binary-expr","locations":[{"start":{"line":186,"column":26},"end":{"line":186,"column":48}},{"start":{"line":186,"column":52},"end":{"line":186,"column":61}}],"line":186},"9":{"loc":{"start":{"line":188,"column":2},"end":{"line":190,"column":3}},"type":"if","locations":[{"start":{"line":188,"column":2},"end":{"line":190,"column":3}},{"start":{"line":188,"column":2},"end":{"line":190,"column":3}}],"line":188},"10":{"loc":{"start":{"line":193,"column":2},"end":{"line":195,"column":3}},"type":"if","locations":[{"start":{"line":193,"column":2},"end":{"line":195,"column":3}},{"start":{"line":193,"column":2},"end":{"line":195,"column":3}}],"line":193},"11":{"loc":{"start":{"line":202,"column":2},"end":{"line":209,"column":3}},"type":"if","locations":[{"start":{"line":202,"column":2},"end":{"line":209,"column":3}},{"start":{"line":202,"column":2},"end":{"line":209,"column":3}}],"line":202},"12":{"loc":{"start":{"line":230,"column":16},"end":{"line":230,"column":46}},"type":"cond-expr","locations":[{"start":{"line":230,"column":27},"end":{"line":230,"column":28}},{"start":{"line":230,"column":31},"end":{"line":230,"column":46}}],"line":230},"13":{"loc":{"start":{"line":243,"column":2},"end":{"line":245,"column":3}},"type":"if","locations":[{"start":{"line":243,"column":2},"end":{"line":245,"column":3}},{"start":{"line":243,"column":2},"end":{"line":245,"column":3}}],"line":243},"14":{"loc":{"start":{"line":247,"column":2},"end":{"line":258,"column":3}},"type":"if","locations":[{"start":{"line":247,"column":2},"end":{"line":258,"column":3}},{"start":{"line":247,"column":2},"end":{"line":258,"column":3}}],"line":247},"15":{"loc":{"start":{"line":249,"column":4},"end":{"line":256,"column":5}},"type":"if","locations":[{"start":{"line":249,"column":4},"end":{"line":256,"column":5}},{"start":{"line":249,"column":4},"end":{"line":256,"column":5}}],"line":249},"16":{"loc":{"start":{"line":250,"column":6},"end":{"line":252,"column":7}},"type":"if","locations":[{"start":{"line":250,"column":6},"end":{"line":252,"column":7}},{"start":{"line":250,"column":6},"end":{"line":252,"column":7}}],"line":250},"17":{"loc":{"start":{"line":254,"column":11},"end":{"line":256,"column":5}},"type":"if","locations":[{"start":{"line":254,"column":11},"end":{"line":256,"column":5}},{"start":{"line":254,"column":11},"end":{"line":256,"column":5}}],"line":254},"18":{"loc":{"start":{"line":260,"column":2},"end":{"line":262,"column":3}},"type":"if","locations":[{"start":{"line":260,"column":2},"end":{"line":262,"column":3}},{"start":{"line":260,"column":2},"end":{"line":262,"column":3}}],"line":260},"19":{"loc":{"start":{"line":264,"column":2},"end":{"line":267,"column":3}},"type":"if","locations":[{"start":{"line":264,"column":2},"end":{"line":267,"column":3}},{"start":{"line":264,"column":2},"end":{"line":267,"column":3}}],"line":264},"20":{"loc":{"start":{"line":269,"column":2},"end":{"line":276,"column":3}},"type":"if","locations":[{"start":{"line":269,"column":2},"end":{"line":276,"column":3}},{"start":{"line":269,"column":2},"end":{"line":276,"column":3}}],"line":269},"21":{"loc":{"start":{"line":278,"column":2},"end":{"line":281,"column":3}},"type":"if","locations":[{"start":{"line":278,"column":2},"end":{"line":281,"column":3}},{"start":{"line":278,"column":2},"end":{"line":281,"column":3}}],"line":278},"22":{"loc":{"start":{"line":295,"column":4},"end":{"line":332,"column":5}},"type":"switch","locations":[{"start":{"line":296,"column":6},"end":{"line":303,"column":7}},{"start":{"line":304,"column":6},"end":{"line":322,"column":7}},{"start":{"line":323,"column":6},"end":{"line":331,"column":7}}],"line":295},"23":{"loc":{"start":{"line":297,"column":28},"end":{"line":297,"column":74}},"type":"binary-expr","locations":[{"start":{"line":297,"column":28},"end":{"line":297,"column":50}},{"start":{"line":297,"column":54},"end":{"line":297,"column":74}}],"line":297},"24":{"loc":{"start":{"line":298,"column":8},"end":{"line":300,"column":9}},"type":"if","locations":[{"start":{"line":298,"column":8},"end":{"line":300,"column":9}},{"start":{"line":298,"column":8},"end":{"line":300,"column":9}}],"line":298},"25":{"loc":{"start":{"line":306,"column":8},"end":{"line":308,"column":9}},"type":"if","locations":[{"start":{"line":306,"column":8},"end":{"line":308,"column":9}},{"start":{"line":306,"column":8},"end":{"line":308,"column":9}}],"line":306},"26":{"loc":{"start":{"line":311,"column":8},"end":{"line":313,"column":9}},"type":"if","locations":[{"start":{"line":311,"column":8},"end":{"line":313,"column":9}},{"start":{"line":311,"column":8},"end":{"line":313,"column":9}}],"line":311},"27":{"loc":{"start":{"line":342,"column":4},"end":{"line":347,"column":5}},"type":"if","locations":[{"start":{"line":342,"column":4},"end":{"line":347,"column":5}},{"start":{"line":342,"column":4},"end":{"line":347,"column":5}}],"line":342},"28":{"loc":{"start":{"line":344,"column":6},"end":{"line":346,"column":7}},"type":"if","locations":[{"start":{"line":344,"column":6},"end":{"line":346,"column":7}},{"start":{"line":344,"column":6},"end":{"line":346,"column":7}}],"line":344},"29":{"loc":{"start":{"line":367,"column":4},"end":{"line":369,"column":5}},"type":"if","locations":[{"start":{"line":367,"column":4},"end":{"line":369,"column":5}},{"start":{"line":367,"column":4},"end":{"line":369,"column":5}}],"line":367},"30":{"loc":{"start":{"line":371,"column":22},"end":{"line":371,"column":67}},"type":"cond-expr","locations":[{"start":{"line":371,"column":42},"end":{"line":371,"column":52}},{"start":{"line":371,"column":55},"end":{"line":371,"column":67}}],"line":371},"31":{"loc":{"start":{"line":373,"column":6},"end":{"line":373,"column":68}},"type":"binary-expr","locations":[{"start":{"line":373,"column":6},"end":{"line":373,"column":27}},{"start":{"line":373,"column":31},"end":{"line":373,"column":68}}],"line":373}},"s":{"0":1,"1":1,"2":16,"3":16,"4":16,"5":16,"6":16,"7":18,"8":18,"9":18,"10":18,"11":18,"12":18,"13":18,"14":16,"15":16,"16":0,"17":16,"18":18,"19":18,"20":18,"21":18,"22":2,"23":16,"24":16,"25":18,"26":0,"27":18,"28":18,"29":18,"30":18,"31":18,"32":18,"33":18,"34":38,"35":38,"36":38,"37":48,"38":48,"39":46,"40":38,"41":48,"42":48,"43":48,"44":48,"45":2,"46":46,"47":46,"48":2,"49":44,"50":44,"51":44,"52":2,"53":42,"54":3,"55":93,"56":93,"57":93,"58":44,"59":8,"60":4,"61":2,"62":1,"63":3,"64":44,"65":0,"66":44,"67":23,"68":23,"69":4,"70":1,"71":3,"72":19,"73":18,"74":1,"75":21,"76":18,"77":3,"78":1,"79":1,"80":2,"81":1,"82":1,"83":1,"84":1,"85":1,"86":0,"87":41,"88":51,"89":48,"90":48,"91":48,"92":48,"93":48,"94":0,"95":0,"96":0,"97":0,"98":0,"99":0,"100":0,"101":0,"102":0,"103":3,"104":41,"105":1,"106":23,"107":12,"108":12,"109":2,"110":23,"111":17,"112":1,"113":16,"114":16,"115":18,"116":18,"117":1,"118":18,"119":18,"120":18,"121":18,"122":18,"123":0,"124":0,"125":0,"126":0,"127":0},"f":{"0":16,"1":18,"2":18,"3":18,"4":38,"5":48,"6":44,"7":3,"8":93,"9":8,"10":4,"11":2,"12":1,"13":3,"14":41,"15":1,"16":23,"17":17,"18":1,"19":16,"20":18,"21":0},"b":{"0":[18,0],"1":[0,18],"2":[1,17],"3":[0,16],"4":[18,0],"5":[2,16],"6":[16,0],"7":[46,2],"8":[48,47],"9":[2,46],"10":[2,44],"11":[2,42],"12":[90,3],"13":[0,44],"14":[23,21],"15":[4,19],"16":[1,3],"17":[18,1],"18":[18,3],"19":[1,2],"20":[1,1],"21":[1,0],"22":[48,0,3],"23":[48,47],"24":[48,0],"25":[0,0],"26":[0,0],"27":[12,11],"28":[2,10],"29":[1,17],"30":[1,17],"31":[18,2]},"_coverageSchema":"1a1c01bbd47fc00a2c39e90264f33305004495a9","hash":"82eded9a382db0cacf94df0d9aa7429aca75151c"}
}
