{"/Users/ryan/Documents/coding/graphql-mocks/src/index.ts": {"path":"/Users/ryan/Documents/coding/graphql-mocks/src/index.ts","statementMap":{"0":{"start":{"line":32,"column":41},"end":{"line":35,"column":1}},"1":{"start":{"line":40,"column":4},"end":{"line":82,"column":1}},"2":{"start":{"line":41,"column":23},"end":{"line":44,"column":3}},"3":{"start":{"line":46,"column":15},"end":{"line":46,"column":54}},"4":{"start":{"line":48,"column":20},"end":{"line":48,"column":52}},"5":{"start":{"line":49,"column":18},"end":{"line":49,"column":20}},"6":{"start":{"line":51,"column":2},"end":{"line":71,"column":3}},"7":{"start":{"line":52,"column":4},"end":{"line":70,"column":5}},"8":{"start":{"line":53,"column":6},"end":{"line":69,"column":7}},"9":{"start":{"line":54,"column":30},"end":{"line":54,"column":51}},"10":{"start":{"line":55,"column":30},"end":{"line":57,"column":14}},"11":{"start":{"line":59,"column":21},"end":{"line":64,"column":9}},"12":{"start":{"line":65,"column":28},"end":{"line":65,"column":65}},"13":{"start":{"line":66,"column":8},"end":{"line":68,"column":9}},"14":{"start":{"line":73,"column":18},"end":{"line":73,"column":20}},"15":{"start":{"line":74,"column":2},"end":{"line":76,"column":3}},"16":{"start":{"line":75,"column":4},"end":{"line":75,"column":61}},"17":{"start":{"line":78,"column":2},"end":{"line":81,"column":3}},"18":{"start":{"line":104,"column":33},"end":{"line":104,"column":52}},"19":{"start":{"line":105,"column":2},"end":{"line":117,"column":3}},"20":{"start":{"line":106,"column":4},"end":{"line":116,"column":5}},"21":{"start":{"line":108,"column":8},"end":{"line":112,"column":9}},"22":{"start":{"line":109,"column":10},"end":{"line":109,"column":32}},"23":{"start":{"line":110,"column":15},"end":{"line":112,"column":9}},"24":{"start":{"line":111,"column":10},"end":{"line":111,"column":32}},"25":{"start":{"line":113,"column":8},"end":{"line":113,"column":13}},"26":{"start":{"line":115,"column":8},"end":{"line":115,"column":53}},"27":{"start":{"line":119,"column":2},"end":{"line":125,"column":3}},"28":{"start":{"line":134,"column":18},"end":{"line":134,"column":80}},"29":{"start":{"line":135,"column":17},"end":{"line":135,"column":61}},"30":{"start":{"line":136,"column":2},"end":{"line":136,"column":15}},"31":{"start":{"line":143,"column":15},"end":{"line":143,"column":70}},"32":{"start":{"line":144,"column":14},"end":{"line":144,"column":72}},"33":{"start":{"line":145,"column":2},"end":{"line":145,"column":12}},"34":{"start":{"line":153,"column":17},"end":{"line":159,"column":3}},"35":{"start":{"line":161,"column":17},"end":{"line":161,"column":19}},"36":{"start":{"line":163,"column":2},"end":{"line":170,"column":3}},"37":{"start":{"line":164,"column":18},"end":{"line":164,"column":70}},"38":{"start":{"line":167,"column":4},"end":{"line":169,"column":5}},"39":{"start":{"line":168,"column":6},"end":{"line":168,"column":24}},"40":{"start":{"line":172,"column":2},"end":{"line":172,"column":35}},"41":{"start":{"line":180,"column":20},"end":{"line":180,"column":33}},"42":{"start":{"line":181,"column":20},"end":{"line":181,"column":40}},"43":{"start":{"line":182,"column":26},"end":{"line":182,"column":61}},"44":{"start":{"line":184,"column":2},"end":{"line":186,"column":3}},"45":{"start":{"line":185,"column":4},"end":{"line":185,"column":45}},"46":{"start":{"line":188,"column":19},"end":{"line":188,"column":52}},"47":{"start":{"line":189,"column":2},"end":{"line":191,"column":3}},"48":{"start":{"line":190,"column":4},"end":{"line":190,"column":13}},"49":{"start":{"line":194,"column":20},"end":{"line":194,"column":50}},"50":{"start":{"line":196,"column":15},"end":{"line":196,"column":42}},"51":{"start":{"line":198,"column":2},"end":{"line":200,"column":3}},"52":{"start":{"line":199,"column":4},"end":{"line":199,"column":79}},"53":{"start":{"line":202,"column":2},"end":{"line":202,"column":75}},"54":{"start":{"line":212,"column":4},"end":{"line":216,"column":6}},"55":{"start":{"line":213,"column":16},"end":{"line":213,"column":43}},"56":{"start":{"line":214,"column":16},"end":{"line":214,"column":46}},"57":{"start":{"line":215,"column":6},"end":{"line":215,"column":27}},"58":{"start":{"line":219,"column":24},"end":{"line":225,"column":3}},"59":{"start":{"line":220,"column":18},"end":{"line":220,"column":33}},"60":{"start":{"line":221,"column":15},"end":{"line":221,"column":55}},"61":{"start":{"line":222,"column":17},"end":{"line":222,"column":66}},"62":{"start":{"line":223,"column":19},"end":{"line":223,"column":41}},"63":{"start":{"line":224,"column":14},"end":{"line":224,"column":29}},"64":{"start":{"line":227,"column":2},"end":{"line":238,"column":3}},"65":{"start":{"line":228,"column":30},"end":{"line":228,"column":71}},"66":{"start":{"line":229,"column":4},"end":{"line":236,"column":5}},"67":{"start":{"line":230,"column":6},"end":{"line":232,"column":7}},"68":{"start":{"line":231,"column":8},"end":{"line":231,"column":39}},"69":{"start":{"line":233,"column":6},"end":{"line":233,"column":35}},"70":{"start":{"line":234,"column":11},"end":{"line":236,"column":5}},"71":{"start":{"line":235,"column":6},"end":{"line":235,"column":44}},"72":{"start":{"line":237,"column":4},"end":{"line":237,"column":27}},"73":{"start":{"line":240,"column":2},"end":{"line":242,"column":3}},"74":{"start":{"line":241,"column":4},"end":{"line":241,"column":69}},"75":{"start":{"line":244,"column":2},"end":{"line":247,"column":3}},"76":{"start":{"line":245,"column":18},"end":{"line":245,"column":62}},"77":{"start":{"line":246,"column":4},"end":{"line":246,"column":78}},"78":{"start":{"line":249,"column":2},"end":{"line":256,"column":3}},"79":{"start":{"line":250,"column":25},"end":{"line":250,"column":43}},"80":{"start":{"line":251,"column":4},"end":{"line":255,"column":7}},"81":{"start":{"line":258,"column":2},"end":{"line":261,"column":3}},"82":{"start":{"line":259,"column":18},"end":{"line":259,"column":43}},"83":{"start":{"line":260,"column":4},"end":{"line":260,"column":23}},"84":{"start":{"line":264,"column":2},"end":{"line":264,"column":11}},"85":{"start":{"line":274,"column":2},"end":{"line":313,"column":3}},"86":{"start":{"line":275,"column":4},"end":{"line":312,"column":5}},"87":{"start":{"line":277,"column":28},"end":{"line":277,"column":74}},"88":{"start":{"line":278,"column":8},"end":{"line":280,"column":9}},"89":{"start":{"line":279,"column":10},"end":{"line":279,"column":34}},"90":{"start":{"line":281,"column":8},"end":{"line":281,"column":43}},"91":{"start":{"line":282,"column":8},"end":{"line":282,"column":13}},"92":{"start":{"line":285,"column":29},"end":{"line":285,"column":49}},"93":{"start":{"line":286,"column":8},"end":{"line":288,"column":9}},"94":{"start":{"line":287,"column":10},"end":{"line":287,"column":18}},"95":{"start":{"line":289,"column":8},"end":{"line":289,"column":49}},"96":{"start":{"line":290,"column":25},"end":{"line":290,"column":56}},"97":{"start":{"line":291,"column":8},"end":{"line":293,"column":9}},"98":{"start":{"line":292,"column":10},"end":{"line":292,"column":18}},"99":{"start":{"line":294,"column":8},"end":{"line":300,"column":9}},"100":{"start":{"line":301,"column":8},"end":{"line":301,"column":13}},"101":{"start":{"line":304,"column":8},"end":{"line":310,"column":9}},"102":{"start":{"line":314,"column":2},"end":{"line":314,"column":15}},"103":{"start":{"line":321,"column":2},"end":{"line":329,"column":8}},"104":{"start":{"line":322,"column":4},"end":{"line":327,"column":5}},"105":{"start":{"line":323,"column":25},"end":{"line":323,"column":45}},"106":{"start":{"line":324,"column":6},"end":{"line":326,"column":7}},"107":{"start":{"line":325,"column":8},"end":{"line":325,"column":30}},"108":{"start":{"line":328,"column":4},"end":{"line":328,"column":22}},"109":{"start":{"line":333,"column":2},"end":{"line":333,"column":48}},"110":{"start":{"line":337,"column":2},"end":{"line":337,"column":48}},"111":{"start":{"line":342,"column":30},"end":{"line":342,"column":31}},"112":{"start":{"line":344,"column":2},"end":{"line":359,"column":3}},"113":{"start":{"line":345,"column":15},"end":{"line":345,"column":17}},"114":{"start":{"line":347,"column":4},"end":{"line":349,"column":5}},"115":{"start":{"line":348,"column":6},"end":{"line":348,"column":31}},"116":{"start":{"line":351,"column":22},"end":{"line":351,"column":67}},"117":{"start":{"line":353,"column":6},"end":{"line":353,"column":68}},"118":{"start":{"line":354,"column":4},"end":{"line":354,"column":31}},"119":{"start":{"line":356,"column":4},"end":{"line":356,"column":29}},"120":{"start":{"line":358,"column":4},"end":{"line":358,"column":15}},"121":{"start":{"line":367,"column":15},"end":{"line":367,"column":54}},"122":{"start":{"line":368,"column":18},"end":{"line":368,"column":73}},"123":{"start":{"line":369,"column":15},"end":{"line":369,"column":33}},"124":{"start":{"line":370,"column":2},"end":{"line":370,"column":49}}},"fnMap":{"0":{"name":"(anonymous_0)","decl":{"start":{"line":40,"column":4},"end":{"line":40,"column":5}},"loc":{"start":{"line":40,"column":41},"end":{"line":82,"column":1}},"line":40},"1":{"name":"buildExecutionContext","decl":{"start":{"line":97,"column":9},"end":{"line":97,"column":30}},"loc":{"start":{"line":102,"column":20},"end":{"line":126,"column":1}},"line":102},"2":{"name":"execute","decl":{"start":{"line":128,"column":9},"end":{"line":128,"column":16}},"loc":{"start":{"line":133,"column":2},"end":{"line":137,"column":1}},"line":133},"3":{"name":"executeOperation","decl":{"start":{"line":139,"column":9},"end":{"line":139,"column":25}},"loc":{"start":{"line":142,"column":2},"end":{"line":146,"column":1}},"line":142},"4":{"name":"executeSelectionSet","decl":{"start":{"line":148,"column":9},"end":{"line":148,"column":28}},"loc":{"start":{"line":152,"column":2},"end":{"line":173,"column":1}},"line":152},"5":{"name":"resolveField","decl":{"start":{"line":175,"column":9},"end":{"line":175,"column":21}},"loc":{"start":{"line":179,"column":2},"end":{"line":203,"column":1}},"line":179},"6":{"name":"handleNamedType","decl":{"start":{"line":205,"column":9},"end":{"line":205,"column":24}},"loc":{"start":{"line":209,"column":2},"end":{"line":265,"column":1}},"line":209},"7":{"name":"uuidv4","decl":{"start":{"line":211,"column":11},"end":{"line":211,"column":17}},"loc":{"start":{"line":211,"column":20},"end":{"line":217,"column":3}},"line":211},"8":{"name":"(anonymous_8)","decl":{"start":{"line":212,"column":67},"end":{"line":212,"column":68}},"loc":{"start":{"line":212,"column":74},"end":{"line":216,"column":5}},"line":212},"9":{"name":"(anonymous_9)","decl":{"start":{"line":220,"column":12},"end":{"line":220,"column":13}},"loc":{"start":{"line":220,"column":18},"end":{"line":220,"column":33}},"line":220},"10":{"name":"(anonymous_10)","decl":{"start":{"line":221,"column":9},"end":{"line":221,"column":10}},"loc":{"start":{"line":221,"column":15},"end":{"line":221,"column":55}},"line":221},"11":{"name":"(anonymous_11)","decl":{"start":{"line":222,"column":11},"end":{"line":222,"column":12}},"loc":{"start":{"line":222,"column":17},"end":{"line":222,"column":66}},"line":222},"12":{"name":"(anonymous_12)","decl":{"start":{"line":223,"column":13},"end":{"line":223,"column":14}},"loc":{"start":{"line":223,"column":19},"end":{"line":223,"column":41}},"line":223},"13":{"name":"(anonymous_13)","decl":{"start":{"line":224,"column":8},"end":{"line":224,"column":9}},"loc":{"start":{"line":224,"column":14},"end":{"line":224,"column":29}},"line":224},"14":{"name":"collectFields","decl":{"start":{"line":267,"column":9},"end":{"line":267,"column":22}},"loc":{"start":{"line":273,"column":2},"end":{"line":315,"column":1}},"line":273},"15":{"name":"getImplementingObjects","decl":{"start":{"line":317,"column":9},"end":{"line":317,"column":31}},"loc":{"start":{"line":320,"column":2},"end":{"line":330,"column":1}},"line":320},"16":{"name":"(anonymous_16)","decl":{"start":{"line":321,"column":51},"end":{"line":321,"column":52}},"loc":{"start":{"line":321,"column":74},"end":{"line":329,"column":3}},"line":321},"17":{"name":"toPascalCase","decl":{"start":{"line":332,"column":9},"end":{"line":332,"column":21}},"loc":{"start":{"line":332,"column":37},"end":{"line":334,"column":1}},"line":332},"18":{"name":"capitalize","decl":{"start":{"line":336,"column":9},"end":{"line":336,"column":19}},"loc":{"start":{"line":336,"column":35},"end":{"line":338,"column":1}},"line":336},"19":{"name":"nameBuilderFactory","decl":{"start":{"line":341,"column":9},"end":{"line":341,"column":27}},"loc":{"start":{"line":341,"column":55},"end":{"line":360,"column":1}},"line":341},"20":{"name":"buildName","decl":{"start":{"line":344,"column":18},"end":{"line":344,"column":27}},"loc":{"start":{"line":344,"column":64},"end":{"line":359,"column":3}},"line":344},"21":{"name":"buildType","decl":{"start":{"line":362,"column":9},"end":{"line":362,"column":18}},"loc":{"start":{"line":366,"column":2},"end":{"line":371,"column":1}},"line":366}},"branchMap":{"0":{"loc":{"start":{"line":53,"column":6},"end":{"line":69,"column":7}},"type":"if","locations":[{"start":{"line":53,"column":6},"end":{"line":69,"column":7}},{"start":{"line":53,"column":6},"end":{"line":69,"column":7}}],"line":53},"1":{"loc":{"start":{"line":55,"column":30},"end":{"line":57,"column":14}},"type":"cond-expr","locations":[{"start":{"line":56,"column":12},"end":{"line":56,"column":55}},{"start":{"line":57,"column":12},"end":{"line":57,"column":14}}],"line":55},"2":{"loc":{"start":{"line":65,"column":28},"end":{"line":65,"column":65}},"type":"cond-expr","locations":[{"start":{"line":65,"column":52},"end":{"line":65,"column":54}},{"start":{"line":65,"column":57},"end":{"line":65,"column":65}}],"line":65},"3":{"loc":{"start":{"line":74,"column":2},"end":{"line":76,"column":3}},"type":"if","locations":[{"start":{"line":74,"column":2},"end":{"line":76,"column":3}},{"start":{"line":74,"column":2},"end":{"line":76,"column":3}}],"line":74},"4":{"loc":{"start":{"line":106,"column":4},"end":{"line":116,"column":5}},"type":"switch","locations":[{"start":{"line":107,"column":6},"end":{"line":113,"column":13}},{"start":{"line":114,"column":6},"end":{"line":115,"column":53}}],"line":106},"5":{"loc":{"start":{"line":108,"column":8},"end":{"line":112,"column":9}},"type":"if","locations":[{"start":{"line":108,"column":8},"end":{"line":112,"column":9}},{"start":{"line":108,"column":8},"end":{"line":112,"column":9}}],"line":108},"6":{"loc":{"start":{"line":110,"column":15},"end":{"line":112,"column":9}},"type":"if","locations":[{"start":{"line":110,"column":15},"end":{"line":112,"column":9}},{"start":{"line":110,"column":15},"end":{"line":112,"column":9}}],"line":110},"7":{"loc":{"start":{"line":167,"column":4},"end":{"line":169,"column":5}},"type":"if","locations":[{"start":{"line":167,"column":4},"end":{"line":169,"column":5}},{"start":{"line":167,"column":4},"end":{"line":169,"column":5}}],"line":167},"8":{"loc":{"start":{"line":182,"column":26},"end":{"line":182,"column":61}},"type":"binary-expr","locations":[{"start":{"line":182,"column":26},"end":{"line":182,"column":48}},{"start":{"line":182,"column":52},"end":{"line":182,"column":61}}],"line":182},"9":{"loc":{"start":{"line":184,"column":2},"end":{"line":186,"column":3}},"type":"if","locations":[{"start":{"line":184,"column":2},"end":{"line":186,"column":3}},{"start":{"line":184,"column":2},"end":{"line":186,"column":3}}],"line":184},"10":{"loc":{"start":{"line":189,"column":2},"end":{"line":191,"column":3}},"type":"if","locations":[{"start":{"line":189,"column":2},"end":{"line":191,"column":3}},{"start":{"line":189,"column":2},"end":{"line":191,"column":3}}],"line":189},"11":{"loc":{"start":{"line":198,"column":2},"end":{"line":200,"column":3}},"type":"if","locations":[{"start":{"line":198,"column":2},"end":{"line":200,"column":3}},{"start":{"line":198,"column":2},"end":{"line":200,"column":3}}],"line":198},"12":{"loc":{"start":{"line":214,"column":16},"end":{"line":214,"column":46}},"type":"cond-expr","locations":[{"start":{"line":214,"column":27},"end":{"line":214,"column":28}},{"start":{"line":214,"column":31},"end":{"line":214,"column":46}}],"line":214},"13":{"loc":{"start":{"line":227,"column":2},"end":{"line":238,"column":3}},"type":"if","locations":[{"start":{"line":227,"column":2},"end":{"line":238,"column":3}},{"start":{"line":227,"column":2},"end":{"line":238,"column":3}}],"line":227},"14":{"loc":{"start":{"line":229,"column":4},"end":{"line":236,"column":5}},"type":"if","locations":[{"start":{"line":229,"column":4},"end":{"line":236,"column":5}},{"start":{"line":229,"column":4},"end":{"line":236,"column":5}}],"line":229},"15":{"loc":{"start":{"line":230,"column":6},"end":{"line":232,"column":7}},"type":"if","locations":[{"start":{"line":230,"column":6},"end":{"line":232,"column":7}},{"start":{"line":230,"column":6},"end":{"line":232,"column":7}}],"line":230},"16":{"loc":{"start":{"line":234,"column":11},"end":{"line":236,"column":5}},"type":"if","locations":[{"start":{"line":234,"column":11},"end":{"line":236,"column":5}},{"start":{"line":234,"column":11},"end":{"line":236,"column":5}}],"line":234},"17":{"loc":{"start":{"line":240,"column":2},"end":{"line":242,"column":3}},"type":"if","locations":[{"start":{"line":240,"column":2},"end":{"line":242,"column":3}},{"start":{"line":240,"column":2},"end":{"line":242,"column":3}}],"line":240},"18":{"loc":{"start":{"line":244,"column":2},"end":{"line":247,"column":3}},"type":"if","locations":[{"start":{"line":244,"column":2},"end":{"line":247,"column":3}},{"start":{"line":244,"column":2},"end":{"line":247,"column":3}}],"line":244},"19":{"loc":{"start":{"line":249,"column":2},"end":{"line":256,"column":3}},"type":"if","locations":[{"start":{"line":249,"column":2},"end":{"line":256,"column":3}},{"start":{"line":249,"column":2},"end":{"line":256,"column":3}}],"line":249},"20":{"loc":{"start":{"line":258,"column":2},"end":{"line":261,"column":3}},"type":"if","locations":[{"start":{"line":258,"column":2},"end":{"line":261,"column":3}},{"start":{"line":258,"column":2},"end":{"line":261,"column":3}}],"line":258},"21":{"loc":{"start":{"line":275,"column":4},"end":{"line":312,"column":5}},"type":"switch","locations":[{"start":{"line":276,"column":6},"end":{"line":283,"column":7}},{"start":{"line":284,"column":6},"end":{"line":302,"column":7}},{"start":{"line":303,"column":6},"end":{"line":311,"column":7}}],"line":275},"22":{"loc":{"start":{"line":277,"column":28},"end":{"line":277,"column":74}},"type":"binary-expr","locations":[{"start":{"line":277,"column":28},"end":{"line":277,"column":50}},{"start":{"line":277,"column":54},"end":{"line":277,"column":74}}],"line":277},"23":{"loc":{"start":{"line":278,"column":8},"end":{"line":280,"column":9}},"type":"if","locations":[{"start":{"line":278,"column":8},"end":{"line":280,"column":9}},{"start":{"line":278,"column":8},"end":{"line":280,"column":9}}],"line":278},"24":{"loc":{"start":{"line":286,"column":8},"end":{"line":288,"column":9}},"type":"if","locations":[{"start":{"line":286,"column":8},"end":{"line":288,"column":9}},{"start":{"line":286,"column":8},"end":{"line":288,"column":9}}],"line":286},"25":{"loc":{"start":{"line":291,"column":8},"end":{"line":293,"column":9}},"type":"if","locations":[{"start":{"line":291,"column":8},"end":{"line":293,"column":9}},{"start":{"line":291,"column":8},"end":{"line":293,"column":9}}],"line":291},"26":{"loc":{"start":{"line":322,"column":4},"end":{"line":327,"column":5}},"type":"if","locations":[{"start":{"line":322,"column":4},"end":{"line":327,"column":5}},{"start":{"line":322,"column":4},"end":{"line":327,"column":5}}],"line":322},"27":{"loc":{"start":{"line":324,"column":6},"end":{"line":326,"column":7}},"type":"if","locations":[{"start":{"line":324,"column":6},"end":{"line":326,"column":7}},{"start":{"line":324,"column":6},"end":{"line":326,"column":7}}],"line":324},"28":{"loc":{"start":{"line":347,"column":4},"end":{"line":349,"column":5}},"type":"if","locations":[{"start":{"line":347,"column":4},"end":{"line":349,"column":5}},{"start":{"line":347,"column":4},"end":{"line":349,"column":5}}],"line":347},"29":{"loc":{"start":{"line":351,"column":22},"end":{"line":351,"column":67}},"type":"cond-expr","locations":[{"start":{"line":351,"column":42},"end":{"line":351,"column":52}},{"start":{"line":351,"column":55},"end":{"line":351,"column":67}}],"line":351},"30":{"loc":{"start":{"line":353,"column":6},"end":{"line":353,"column":68}},"type":"binary-expr","locations":[{"start":{"line":353,"column":6},"end":{"line":353,"column":27}},{"start":{"line":353,"column":31},"end":{"line":353,"column":68}}],"line":353}},"s":{"0":1,"1":1,"2":22,"3":22,"4":22,"5":22,"6":22,"7":24,"8":27,"9":24,"10":24,"11":24,"12":24,"13":24,"14":22,"15":22,"16":2,"17":22,"18":24,"19":24,"20":27,"21":24,"22":2,"23":22,"24":22,"25":24,"26":3,"27":24,"28":24,"29":24,"30":24,"31":24,"32":24,"33":24,"34":52,"35":52,"36":52,"37":68,"38":68,"39":66,"40":52,"41":68,"42":68,"43":68,"44":68,"45":5,"46":63,"47":63,"48":2,"49":61,"50":61,"51":61,"52":3,"53":58,"54":3,"55":93,"56":93,"57":93,"58":61,"59":13,"60":6,"61":2,"62":3,"63":3,"64":61,"65":32,"66":32,"67":4,"68":1,"69":3,"70":28,"71":27,"72":1,"73":29,"74":26,"75":3,"76":1,"77":1,"78":2,"79":1,"80":1,"81":1,"82":1,"83":1,"84":0,"85":58,"86":74,"87":68,"88":68,"89":68,"90":68,"91":68,"92":3,"93":3,"94":0,"95":3,"96":3,"97":3,"98":0,"99":3,"100":3,"101":3,"102":58,"103":1,"104":23,"105":12,"106":12,"107":2,"108":23,"109":23,"110":1,"111":22,"112":22,"113":24,"114":24,"115":1,"116":24,"117":24,"118":24,"119":24,"120":24,"121":2,"122":2,"123":2,"124":2},"f":{"0":22,"1":24,"2":24,"3":24,"4":52,"5":68,"6":61,"7":3,"8":93,"9":13,"10":6,"11":2,"12":3,"13":3,"14":58,"15":1,"16":23,"17":23,"18":1,"19":22,"20":24,"21":2},"b":{"0":[24,3],"1":[2,22],"2":[1,23],"3":[2,20],"4":[24,3],"5":[2,22],"6":[22,0],"7":[66,2],"8":[68,67],"9":[5,63],"10":[2,61],"11":[3,58],"12":[90,3],"13":[32,29],"14":[4,28],"15":[1,3],"16":[27,1],"17":[26,3],"18":[1,2],"19":[1,1],"20":[1,0],"21":[68,3,3],"22":[68,67],"23":[68,0],"24":[0,3],"25":[0,3],"26":[12,11],"27":[2,10],"28":[1,23],"29":[1,23],"30":[24,2]},"_coverageSchema":"1a1c01bbd47fc00a2c39e90264f33305004495a9","hash":"5a7959f3922ee8053b147a1ac97d003c456f12b2"}
}
