TN:
SF:src/index.ts
FN:40,(anonymous_0)
FN:97,buildExecutionContext
FN:128,execute
FN:139,executeOperation
FN:148,executeSelectionSet
FN:175,resolveField
FN:205,handleNamedType
FN:211,uuidv4
FN:212,(anonymous_8)
FN:220,(anonymous_9)
FN:221,(anonymous_10)
FN:222,(anonymous_11)
FN:223,(anonymous_12)
FN:224,(anonymous_13)
FN:267,collectFields
FN:317,getImplementingObjects
FN:321,(anonymous_16)
FN:332,toPascalCase
FN:336,capitalize
FN:341,nameBuilderFactory
FN:344,buildName
FN:362,buildType
FNF:22
FNH:22
FNDA:22,(anonymous_0)
FNDA:24,buildExecutionContext
FNDA:24,execute
FNDA:24,executeOperation
FNDA:52,executeSelectionSet
FNDA:68,resolveField
FNDA:61,handleNamedType
FNDA:3,uuidv4
FNDA:93,(anonymous_8)
FNDA:13,(anonymous_9)
FNDA:6,(anonymous_10)
FNDA:2,(anonymous_11)
FNDA:3,(anonymous_12)
FNDA:3,(anonymous_13)
FNDA:58,collectFields
FNDA:1,getImplementingObjects
FNDA:23,(anonymous_16)
FNDA:23,toPascalCase
FNDA:1,capitalize
FNDA:22,nameBuilderFactory
FNDA:24,buildName
FNDA:2,buildType
DA:32,1
DA:40,1
DA:41,22
DA:46,22
DA:48,22
DA:49,22
DA:51,22
DA:52,24
DA:53,27
DA:54,24
DA:55,24
DA:59,24
DA:65,24
DA:66,24
DA:73,22
DA:74,22
DA:75,2
DA:78,22
DA:104,24
DA:105,24
DA:106,27
DA:108,24
DA:109,2
DA:110,22
DA:111,22
DA:113,24
DA:115,3
DA:119,24
DA:134,24
DA:135,24
DA:136,24
DA:143,24
DA:144,24
DA:145,24
DA:153,52
DA:161,52
DA:163,52
DA:164,68
DA:167,68
DA:168,66
DA:172,52
DA:180,68
DA:181,68
DA:182,68
DA:184,68
DA:185,5
DA:188,63
DA:189,63
DA:190,2
DA:194,61
DA:196,61
DA:198,61
DA:199,3
DA:202,58
DA:212,3
DA:213,93
DA:214,93
DA:215,93
DA:219,61
DA:220,13
DA:221,6
DA:222,2
DA:223,3
DA:224,3
DA:227,61
DA:228,32
DA:229,32
DA:230,4
DA:231,1
DA:233,3
DA:234,28
DA:235,27
DA:237,1
DA:240,29
DA:241,26
DA:244,3
DA:245,1
DA:246,1
DA:249,2
DA:250,1
DA:251,1
DA:258,1
DA:259,1
DA:260,1
DA:264,0
DA:274,58
DA:275,74
DA:277,68
DA:278,68
DA:279,68
DA:281,68
DA:282,68
DA:285,3
DA:286,3
DA:287,0
DA:289,3
DA:290,3
DA:291,3
DA:292,0
DA:294,3
DA:301,3
DA:304,3
DA:314,58
DA:321,1
DA:322,23
DA:323,12
DA:324,12
DA:325,2
DA:328,23
DA:333,23
DA:337,1
DA:342,22
DA:344,22
DA:345,24
DA:347,24
DA:348,1
DA:351,24
DA:353,24
DA:354,24
DA:356,24
DA:358,24
DA:367,2
DA:368,2
DA:369,2
DA:370,2
LF:125
LH:122
BRDA:53,0,0,24
BRDA:53,0,1,3
BRDA:55,1,0,2
BRDA:55,1,1,22
BRDA:65,2,0,1
BRDA:65,2,1,23
BRDA:74,3,0,2
BRDA:74,3,1,20
BRDA:106,4,0,24
BRDA:106,4,1,3
BRDA:108,5,0,2
BRDA:108,5,1,22
BRDA:110,6,0,22
BRDA:110,6,1,0
BRDA:167,7,0,66
BRDA:167,7,1,2
BRDA:182,8,0,68
BRDA:182,8,1,67
BRDA:184,9,0,5
BRDA:184,9,1,63
BRDA:189,10,0,2
BRDA:189,10,1,61
BRDA:198,11,0,3
BRDA:198,11,1,58
BRDA:214,12,0,90
BRDA:214,12,1,3
BRDA:227,13,0,32
BRDA:227,13,1,29
BRDA:229,14,0,4
BRDA:229,14,1,28
BRDA:230,15,0,1
BRDA:230,15,1,3
BRDA:234,16,0,27
BRDA:234,16,1,1
BRDA:240,17,0,26
BRDA:240,17,1,3
BRDA:244,18,0,1
BRDA:244,18,1,2
BRDA:249,19,0,1
BRDA:249,19,1,1
BRDA:258,20,0,1
BRDA:258,20,1,0
BRDA:275,21,0,68
BRDA:275,21,1,3
BRDA:275,21,2,3
BRDA:277,22,0,68
BRDA:277,22,1,67
BRDA:278,23,0,68
BRDA:278,23,1,0
BRDA:286,24,0,0
BRDA:286,24,1,3
BRDA:291,25,0,0
BRDA:291,25,1,3
BRDA:322,26,0,12
BRDA:322,26,1,11
BRDA:324,27,0,2
BRDA:324,27,1,10
BRDA:347,28,0,1
BRDA:347,28,1,23
BRDA:351,29,0,1
BRDA:351,29,1,23
BRDA:353,30,0,24
BRDA:353,30,1,2
BRF:63
BRH:58
end_of_record
