TN:
SF:src/index.ts
FN:40,(anonymous_0)
FN:101,buildExecutionContext
FN:132,execute
FN:143,executeOperation
FN:152,executeSelectionSet
FN:179,resolveField
FN:219,handleNamedType
FN:227,uuidv4
FN:228,(anonymous_8)
FN:236,(anonymous_9)
FN:237,(anonymous_10)
FN:238,(anonymous_11)
FN:239,(anonymous_12)
FN:240,(anonymous_13)
FN:287,collectFields
FN:337,getImplementingObjects
FN:341,(anonymous_16)
FN:352,toPascalCase
FN:356,capitalize
FN:361,nameBuilderFactory
FN:364,buildName
FN:382,buildType
FNF:22
FNH:21
FNDA:16,(anonymous_0)
FNDA:18,buildExecutionContext
FNDA:18,execute
FNDA:18,executeOperation
FNDA:38,executeSelectionSet
FNDA:48,resolveField
FNDA:44,handleNamedType
FNDA:3,uuidv4
FNDA:93,(anonymous_8)
FNDA:8,(anonymous_9)
FNDA:4,(anonymous_10)
FNDA:2,(anonymous_11)
FNDA:1,(anonymous_12)
FNDA:3,(anonymous_13)
FNDA:41,collectFields
FNDA:1,getImplementingObjects
FNDA:23,(anonymous_16)
FNDA:17,toPascalCase
FNDA:1,capitalize
FNDA:16,nameBuilderFactory
FNDA:18,buildName
FNDA:0,buildType
DA:32,1
DA:40,1
DA:41,16
DA:46,16
DA:48,16
DA:49,16
DA:51,16
DA:52,18
DA:53,18
DA:54,18
DA:55,18
DA:59,18
DA:65,18
DA:66,18
DA:73,16
DA:74,16
DA:75,0
DA:78,16
DA:108,18
DA:109,18
DA:110,18
DA:112,18
DA:113,2
DA:114,16
DA:115,16
DA:117,18
DA:119,0
DA:123,18
DA:138,18
DA:139,18
DA:140,18
DA:147,18
DA:148,18
DA:149,18
DA:157,38
DA:165,38
DA:167,38
DA:168,48
DA:171,48
DA:172,46
DA:176,38
DA:184,48
DA:185,48
DA:186,48
DA:188,48
DA:189,2
DA:192,46
DA:193,46
DA:194,2
DA:198,44
DA:200,44
DA:202,44
DA:203,2
DA:211,42
DA:228,3
DA:229,93
DA:230,93
DA:231,93
DA:235,44
DA:236,8
DA:237,4
DA:238,2
DA:239,1
DA:240,3
DA:243,44
DA:244,0
DA:247,44
DA:248,23
DA:249,23
DA:250,4
DA:251,1
DA:253,3
DA:254,19
DA:255,18
DA:257,1
DA:260,21
DA:261,18
DA:264,3
DA:265,1
DA:266,1
DA:269,2
DA:270,1
DA:271,1
DA:278,1
DA:279,1
DA:280,1
DA:284,0
DA:294,41
DA:295,51
DA:297,48
DA:298,48
DA:299,48
DA:301,48
DA:302,48
DA:305,0
DA:306,0
DA:307,0
DA:309,0
DA:310,0
DA:311,0
DA:312,0
DA:314,0
DA:321,0
DA:324,3
DA:334,41
DA:341,1
DA:342,23
DA:343,12
DA:344,12
DA:345,2
DA:348,23
DA:353,17
DA:357,1
DA:362,16
DA:364,16
DA:365,18
DA:367,18
DA:368,1
DA:371,18
DA:373,18
DA:374,18
DA:376,18
DA:378,18
DA:387,0
DA:388,0
DA:389,0
DA:390,0
DA:391,0
LF:128
LH:110
BRDA:53,0,0,18
BRDA:53,0,1,0
BRDA:55,1,0,0
BRDA:55,1,1,18
BRDA:65,2,0,1
BRDA:65,2,1,17
BRDA:74,3,0,0
BRDA:74,3,1,16
BRDA:110,4,0,18
BRDA:110,4,1,0
BRDA:112,5,0,2
BRDA:112,5,1,16
BRDA:114,6,0,16
BRDA:114,6,1,0
BRDA:171,7,0,46
BRDA:171,7,1,2
BRDA:186,8,0,48
BRDA:186,8,1,47
BRDA:188,9,0,2
BRDA:188,9,1,46
BRDA:193,10,0,2
BRDA:193,10,1,44
BRDA:202,11,0,2
BRDA:202,11,1,42
BRDA:230,12,0,90
BRDA:230,12,1,3
BRDA:243,13,0,0
BRDA:243,13,1,44
BRDA:247,14,0,23
BRDA:247,14,1,21
BRDA:249,15,0,4
BRDA:249,15,1,19
BRDA:250,16,0,1
BRDA:250,16,1,3
BRDA:254,17,0,18
BRDA:254,17,1,1
BRDA:260,18,0,18
BRDA:260,18,1,3
BRDA:264,19,0,1
BRDA:264,19,1,2
BRDA:269,20,0,1
BRDA:269,20,1,1
BRDA:278,21,0,1
BRDA:278,21,1,0
BRDA:295,22,0,48
BRDA:295,22,1,0
BRDA:295,22,2,3
BRDA:297,23,0,48
BRDA:297,23,1,47
BRDA:298,24,0,48
BRDA:298,24,1,0
BRDA:306,25,0,0
BRDA:306,25,1,0
BRDA:311,26,0,0
BRDA:311,26,1,0
BRDA:342,27,0,12
BRDA:342,27,1,11
BRDA:344,28,0,2
BRDA:344,28,1,10
BRDA:367,29,0,1
BRDA:367,29,1,17
BRDA:371,30,0,1
BRDA:371,30,1,17
BRDA:373,31,0,18
BRDA:373,31,1,2
BRF:65
BRH:52
end_of_record
